<?xml version="1.0" encoding="UTF-8"?>
<!-- Generated by org.testng.reporters.JUnitXMLReporter -->
<testsuite ignored="0" hostname="DESKTOP-4G6V73A" failures="0" tests="2" name="Sauce Demo Regression Suite Test Cases" time="5.033" errors="0" timestamp="2023-07-14T09:14:09 IST">
  <testcase classname="com.saucedemo.TestLayer.LoginPageTest" name="validateLoginFunctionality" time="0.634"/>
  <testcase classname="com.saucedemo.TestLayer.ProductPageTest" name="validateProductOrder" time="0.295"/>
</testsuite> <!-- Sauce Demo Regression Suite Test Cases -->
